2022-04-26 08:48:31 [main] INFO  com.ce.sr.controllers.AuthController - User test-743548566 was created
2022-04-26 08:48:33 [main] DEBUG com.ce.sr.controllers.AuthController - Successfully logged in test-743548566
2022-04-26 08:48:34 [main] INFO  com.ce.sr.controllers.AuthController - User test-743548566 logout
2022-04-26 08:49:37 [main] INFO  com.ce.sr.controllers.AuthController - User test-1327768722 was created
2022-04-26 08:49:38 [main] DEBUG com.ce.sr.controllers.AuthController - Successfully logged in test-1327768722
2022-04-26 08:49:40 [main] INFO  com.ce.sr.controllers.AuthController - User test-1327768722 logout
2022-04-26 08:50:33 [main] INFO  com.ce.sr.controllers.AuthController - User test1534824841 was created
2022-04-26 08:50:35 [main] DEBUG com.ce.sr.controllers.AuthController - Successfully logged in test1534824841
2022-04-26 08:50:37 [main] INFO  com.ce.sr.controllers.AuthController - User test1534824841 logout
2022-04-26 08:53:04 [main] INFO  com.ce.sr.controllers.AuthController - User test1847603149 was created
2022-04-26 08:53:07 [main] INFO  com.ce.sr.controllers.AuthController - User test-1138057561 was created
2022-04-26 08:53:07 [main] INFO  com.ce.sr.controllers.AuthController - Bad credentials badcredentials
2022-04-26 08:53:08 [main] INFO  com.ce.sr.controllers.AuthController - User test-785671168 was created
2022-04-26 08:53:08 [main] INFO  com.ce.sr.controllers.AuthController - User test1759797729 was created
2022-04-26 08:53:08 [main] DEBUG com.ce.sr.controllers.AuthController - Successfully logged in test1759797729
2022-04-26 08:53:08 [main] INFO  com.ce.sr.controllers.AuthController - User test1759797729 logout
2022-04-26 08:53:09 [main] INFO  com.ce.sr.controllers.AuthController - User test846445548 was created
2022-04-26 08:53:09 [main] DEBUG com.ce.sr.controllers.AuthController - Successfully logged in test846445548
2022-04-26 08:53:09 [main] INFO  com.ce.sr.controllers.AuthController - User test846445548 logout
2022-04-26 08:53:09 [main] INFO  com.ce.sr.controllers.AuthController - User test519469336 was created
2022-04-26 08:53:09 [main] DEBUG com.ce.sr.controllers.AuthController - Successfully logged in test519469336
2022-04-26 08:53:10 [main] INFO  com.ce.sr.controllers.AuthController - User test519469336 logout
2022-04-26 08:53:10 [main] INFO  com.ce.sr.controllers.AuthController - User test2104034612 was created
2022-04-26 08:53:10 [main] DEBUG com.ce.sr.controllers.AuthController - Successfully logged in test2104034612
2022-04-26 08:53:10 [main] INFO  com.ce.sr.controllers.AuthController - User test2104034612 logout
2022-04-26 08:53:10 [main] INFO  com.ce.sr.controllers.AuthController - User test1931493878 was created
2022-04-26 08:53:10 [main] DEBUG com.ce.sr.controllers.AuthController - Successfully logged in test1931493878
2022-04-26 08:53:11 [main] INFO  com.ce.sr.controllers.AuthController - User test1931493878 logout
2022-04-26 08:53:11 [main] INFO  com.ce.sr.controllers.AuthController - User test949979040 was created
2022-04-26 08:53:11 [main] DEBUG com.ce.sr.controllers.AuthController - Successfully logged in test949979040
2022-04-26 08:53:11 [main] INFO  com.ce.sr.controllers.AuthController - User test949979040 logout
2022-04-26 08:53:11 [main] INFO  com.ce.sr.controllers.AuthController - User test1429720887 was created
2022-04-26 08:53:11 [main] DEBUG com.ce.sr.controllers.AuthController - Successfully logged in test1429720887
2022-04-26 08:53:11 [main] INFO  com.ce.sr.controllers.AuthController - User test1429720887 logout
2022-04-26 08:57:13 [main] INFO  com.ce.sr.controllers.AuthController - User test230010715 was created
2022-04-26 08:57:15 [main] INFO  com.ce.sr.controllers.AuthController - User test-1820002328 was created
2022-04-26 08:57:15 [main] INFO  com.ce.sr.controllers.AuthController - Bad credentials badcredentials
2022-04-26 08:57:16 [main] INFO  com.ce.sr.controllers.AuthController - User test1182883591 was created
2022-04-26 08:57:16 [main] INFO  com.ce.sr.controllers.AuthController - User test-2102680467 was created
2022-04-26 08:57:16 [main] DEBUG com.ce.sr.controllers.AuthController - Successfully logged in test-2102680467
2022-04-26 08:57:16 [main] INFO  com.ce.sr.controllers.AuthController - User test-2102680467 logout
2022-04-26 08:57:17 [main] INFO  com.ce.sr.controllers.AuthController - User test913338604 was created
2022-04-26 08:57:17 [main] DEBUG com.ce.sr.controllers.AuthController - Successfully logged in test913338604
2022-04-26 08:57:17 [main] INFO  com.ce.sr.controllers.AuthController - User test913338604 logout
2022-04-26 08:57:17 [main] INFO  com.ce.sr.controllers.AuthController - User test1028526101 was created
2022-04-26 08:57:17 [main] DEBUG com.ce.sr.controllers.AuthController - Successfully logged in test1028526101
2022-04-26 08:57:18 [main] INFO  com.ce.sr.controllers.AuthController - User test1028526101 logout
2022-04-26 08:57:18 [main] INFO  com.ce.sr.controllers.AuthController - User test-1104332415 was created
2022-04-26 08:57:18 [main] DEBUG com.ce.sr.controllers.AuthController - Successfully logged in test-1104332415
2022-04-26 08:57:18 [main] INFO  com.ce.sr.controllers.AuthController - User test-1104332415 logout
2022-04-26 08:57:19 [main] INFO  com.ce.sr.controllers.AuthController - User test-591798566 was created
2022-04-26 08:57:19 [main] DEBUG com.ce.sr.controllers.AuthController - Successfully logged in test-591798566
2022-04-26 08:57:19 [main] INFO  com.ce.sr.controllers.AuthController - User test-591798566 logout
2022-04-26 08:57:19 [main] INFO  com.ce.sr.controllers.AuthController - User test33483158 was created
2022-04-26 08:57:19 [main] DEBUG com.ce.sr.controllers.AuthController - Successfully logged in test33483158
2022-04-26 08:57:19 [main] INFO  com.ce.sr.controllers.AuthController - User test33483158 logout
2022-04-26 08:57:20 [main] INFO  com.ce.sr.controllers.AuthController - User test-635949194 was created
2022-04-26 08:57:20 [main] DEBUG com.ce.sr.controllers.AuthController - Successfully logged in test-635949194
2022-04-26 08:57:20 [main] INFO  com.ce.sr.controllers.AuthController - User test-635949194 logout
2022-04-26 09:01:07 [main] INFO  com.ce.sr.controllers.AuthController - User test1524358823 was created
2022-04-26 09:01:08 [main] DEBUG com.ce.sr.controllers.AuthController - Successfully logged in test1524358823
2022-04-26 09:01:10 [main] INFO  com.ce.sr.controllers.AuthController - User test1524358823 logout
2022-04-26 09:02:26 [main] INFO  com.ce.sr.controllers.AuthController - User test1040832195 was created
2022-04-26 09:02:27 [main] DEBUG com.ce.sr.controllers.AuthController - Successfully logged in test1040832195
2022-04-26 09:02:29 [main] INFO  com.ce.sr.controllers.AuthController - User test1040832195 logout
2022-04-26 09:03:51 [main] INFO  com.ce.sr.controllers.AuthController - User test-1635417988 was created
2022-04-26 09:03:53 [main] INFO  com.ce.sr.controllers.AuthController - User test-999505613 was created
2022-04-26 09:03:53 [main] INFO  com.ce.sr.controllers.AuthController - Bad credentials badcredentials
2022-04-26 09:03:53 [main] INFO  com.ce.sr.controllers.AuthController - User test965223771 was created
2022-04-26 09:03:54 [main] INFO  com.ce.sr.controllers.AuthController - User test137910731 was created
2022-04-26 09:03:54 [main] DEBUG com.ce.sr.controllers.AuthController - Successfully logged in test137910731
2022-04-26 09:03:54 [main] INFO  com.ce.sr.controllers.AuthController - User test137910731 logout
2022-04-26 09:03:54 [main] INFO  com.ce.sr.controllers.AuthController - User test2061207234 was created
2022-04-26 09:03:54 [main] DEBUG com.ce.sr.controllers.AuthController - Successfully logged in test2061207234
2022-04-26 09:03:55 [main] INFO  com.ce.sr.controllers.AuthController - User test2061207234 logout
2022-04-26 09:03:55 [main] INFO  com.ce.sr.controllers.AuthController - User test1027583320 was created
2022-04-26 09:03:55 [main] DEBUG com.ce.sr.controllers.AuthController - Successfully logged in test1027583320
2022-04-26 09:03:55 [main] INFO  com.ce.sr.controllers.AuthController - User test1027583320 logout
2022-04-26 09:03:55 [main] INFO  com.ce.sr.controllers.AuthController - User test-888831100 was created
2022-04-26 09:03:55 [main] DEBUG com.ce.sr.controllers.AuthController - Successfully logged in test-888831100
2022-04-26 09:03:56 [main] INFO  com.ce.sr.controllers.AuthController - User test-888831100 logout
2022-04-26 09:03:56 [main] INFO  com.ce.sr.controllers.AuthController - User test1580715001 was created
2022-04-26 09:03:56 [main] DEBUG com.ce.sr.controllers.AuthController - Successfully logged in test1580715001
2022-04-26 09:03:56 [main] INFO  com.ce.sr.controllers.AuthController - User test1580715001 logout
2022-04-26 09:03:56 [main] INFO  com.ce.sr.controllers.AuthController - User test688945105 was created
2022-04-26 09:03:56 [main] DEBUG com.ce.sr.controllers.AuthController - Successfully logged in test688945105
2022-04-26 09:03:56 [main] INFO  com.ce.sr.controllers.AuthController - User test688945105 logout
2022-04-26 09:03:56 [main] INFO  com.ce.sr.controllers.AuthController - User test-2122654780 was created
2022-04-26 09:03:57 [main] DEBUG com.ce.sr.controllers.AuthController - Successfully logged in test-2122654780
2022-04-26 09:03:57 [main] INFO  com.ce.sr.controllers.AuthController - User test-2122654780 logout
2022-04-26 09:03:57 [main] INFO  com.ce.sr.controllers.AuthController - User test2115359827 was created
2022-04-26 09:03:57 [main] DEBUG com.ce.sr.controllers.AuthController - Successfully logged in test2115359827
2022-04-26 09:03:57 [main] INFO  com.ce.sr.controllers.AuthController - User test2115359827 logout
2022-04-26 09:15:32 [main] INFO  com.ce.sr.controllers.AuthController - User test188781216 was created
2022-04-26 09:15:34 [main] DEBUG com.ce.sr.controllers.AuthController - Successfully logged in test188781216
2022-04-26 09:15:34 [main] INFO  com.ce.sr.controllers.AuthController - User test188781216 logout
2022-04-26 09:19:47 [main] INFO  com.ce.sr.controllers.AuthController - User test420372336 was created
2022-04-26 09:19:48 [main] INFO  com.ce.sr.controllers.AuthController - User t1786663179 was created
2022-04-26 09:19:48 [main] DEBUG com.ce.sr.controllers.AuthController - Successfully logged in t1786663179
2022-04-26 09:19:48 [main] INFO  com.ce.sr.controllers.AuthController - User t1786663179 logout
2022-04-26 09:21:15 [main] INFO  com.ce.sr.controllers.AuthController - User test505029018 was created
2022-04-26 09:21:15 [main] INFO  com.ce.sr.controllers.AuthController - User -1327105334 was created
2022-04-26 09:21:16 [main] DEBUG com.ce.sr.controllers.AuthController - Successfully logged in -1327105334
2022-04-26 09:21:16 [main] INFO  com.ce.sr.controllers.AuthController - User -1327105334 logout
2022-04-26 09:21:18 [main] INFO  com.ce.sr.controllers.AuthController - User -1327105334 logout
2022-04-26 09:23:56 [main] INFO  com.ce.sr.controllers.AuthController - User test137679075 was created
2022-04-26 09:23:57 [main] INFO  com.ce.sr.controllers.AuthController - User --318705262 was created
2022-04-26 09:23:57 [main] DEBUG com.ce.sr.controllers.AuthController - Successfully logged in --318705262
2022-04-26 09:23:57 [main] INFO  com.ce.sr.controllers.AuthController - User --318705262 logout
2022-04-26 09:35:49 [main] INFO  com.ce.sr.controllers.AuthController - User test531003612 was created
2022-04-26 09:35:50 [main] INFO  com.ce.sr.controllers.AuthController - User --2118206346 was created
2022-04-26 09:35:50 [main] DEBUG com.ce.sr.controllers.AuthController - Successfully logged in --2118206346
2022-04-26 09:35:51 [main] INFO  com.ce.sr.controllers.AuthController - User --2118206346 logout
2022-04-26 09:36:42 [main] INFO  com.ce.sr.controllers.AuthController - User test-12925274 was created
2022-04-26 09:36:43 [main] INFO  com.ce.sr.controllers.AuthController - User -885444395 was created
2022-04-26 09:36:44 [main] DEBUG com.ce.sr.controllers.AuthController - Successfully logged in -885444395
2022-04-26 09:36:44 [main] INFO  com.ce.sr.controllers.AuthController - User -885444395 logout
2022-04-26 09:36:45 [main] INFO  com.ce.sr.controllers.AuthController - User -885444395 logout
2022-04-26 09:46:10 [main] INFO  com.ce.sr.controllers.AuthController - User test-212225737 was created
2022-04-26 09:46:11 [main] INFO  com.ce.sr.controllers.AuthController - User /-1438030804 was created
2022-04-26 09:46:11 [main] DEBUG com.ce.sr.controllers.AuthController - Successfully logged in /-1438030804
2022-04-26 09:46:11 [main] INFO  com.ce.sr.controllers.AuthController - User /-1438030804 logout
2022-04-26 09:46:13 [main] INFO  com.ce.sr.controllers.AuthController - User /-1438030804 logout
2022-04-26 09:47:44 [main] INFO  com.ce.sr.controllers.AuthController - User test731990160 was created
2022-04-26 09:49:12 [main] INFO  com.ce.sr.controllers.AuthController - User test-518062429 was created
2022-04-26 09:50:20 [main] INFO  com.ce.sr.controllers.AuthController - User test-108885341 was created
2022-04-26 09:50:53 [main] INFO  com.ce.sr.controllers.AuthController - User test1115429952 was created
2022-04-26 10:17:33 [http-nio-80-exec-8] INFO  com.ce.sr.controllers.AuthController - User userfortest was created
2022-04-26 10:29:25 [http-nio-80-exec-2] INFO  com.ce.sr.controllers.AuthController - User userfortest was created
2022-04-26 10:34:04 [http-nio-80-exec-7] INFO  com.ce.sr.controllers.AuthController - User user was created
2022-04-26 10:35:42 [main] INFO  com.ce.sr.controllers.AuthController - User test-1370947857 was created
2022-04-26 10:35:45 [main] INFO  com.ce.sr.controllers.AuthController - User test-1863985797 was created
2022-04-26 10:35:45 [main] INFO  com.ce.sr.controllers.AuthController - User test-1795492391 was created
2022-04-26 10:35:45 [main] INFO  com.ce.sr.controllers.AuthController - Bad credentials badcredentials
2022-04-26 10:35:45 [main] INFO  com.ce.sr.controllers.AuthController - User test1939278870 was created
2022-04-26 10:35:46 [main] INFO  com.ce.sr.controllers.AuthController - User test1933885208 was created
2022-04-26 10:35:46 [main] INFO  com.ce.sr.controllers.AuthController - User test1591055 was created
2022-04-26 10:35:46 [main] DEBUG com.ce.sr.controllers.AuthController - Successfully logged in test1591055
2022-04-26 10:35:46 [main] INFO  com.ce.sr.controllers.AuthController - User test1591055 logout
2022-04-26 10:35:47 [main] INFO  com.ce.sr.controllers.AuthController - User test-494464808 was created
2022-04-26 10:35:47 [main] DEBUG com.ce.sr.controllers.AuthController - Successfully logged in test-494464808
2022-04-26 10:35:47 [main] INFO  com.ce.sr.controllers.AuthController - User test-494464808 logout
2022-04-26 10:35:48 [main] INFO  com.ce.sr.controllers.AuthController - User test1814295618 was created
2022-04-26 10:35:48 [main] DEBUG com.ce.sr.controllers.AuthController - Successfully logged in test1814295618
2022-04-26 10:35:48 [main] INFO  com.ce.sr.controllers.AuthController - User test1814295618 logout
2022-04-26 10:35:48 [main] INFO  com.ce.sr.controllers.AuthController - User test779312208 was created
2022-04-26 10:35:48 [main] DEBUG com.ce.sr.controllers.AuthController - Successfully logged in test779312208
2022-04-26 10:35:48 [main] INFO  com.ce.sr.controllers.AuthController - User test779312208 logout
2022-04-26 10:35:49 [main] INFO  com.ce.sr.controllers.AuthController - User test622454168 was created
2022-04-26 10:35:49 [main] DEBUG com.ce.sr.controllers.AuthController - Successfully logged in test622454168
2022-04-26 10:35:49 [main] INFO  com.ce.sr.controllers.AuthController - User test622454168 logout
2022-04-26 10:35:49 [main] INFO  com.ce.sr.controllers.AuthController - User test-472873577 was created
2022-04-26 10:35:49 [main] DEBUG com.ce.sr.controllers.AuthController - Successfully logged in test-472873577
2022-04-26 10:35:49 [main] INFO  com.ce.sr.controllers.AuthController - User test-472873577 logout
2022-04-26 10:35:49 [main] INFO  com.ce.sr.controllers.AuthController - User test773636711 was created
2022-04-26 10:35:50 [main] DEBUG com.ce.sr.controllers.AuthController - Successfully logged in test773636711
2022-04-26 10:35:50 [main] INFO  com.ce.sr.controllers.AuthController - User test773636711 logout
2022-04-26 10:35:50 [main] INFO  com.ce.sr.controllers.AuthController - User test-727983986 was created
2022-04-26 10:35:50 [main] DEBUG com.ce.sr.controllers.AuthController - Successfully logged in test-727983986
2022-04-26 10:35:50 [main] INFO  com.ce.sr.controllers.AuthController - User test-727983986 logout
2022-04-26 10:44:19 [main] INFO  com.ce.sr.controllers.AuthController - User test1865994560 was created
2022-04-26 10:44:21 [main] INFO  com.ce.sr.controllers.AuthController - User test386898555 was created
2022-04-26 10:44:21 [main] INFO  com.ce.sr.controllers.AuthController - User test-1357483410 was created
2022-04-26 10:44:21 [main] INFO  com.ce.sr.controllers.AuthController - Bad credentials badcredentials
2022-04-26 10:44:22 [main] INFO  com.ce.sr.controllers.AuthController - User test-345680355 was created
2022-04-26 10:44:22 [main] INFO  com.ce.sr.controllers.AuthController - User test1723941289 was created
2022-04-26 10:44:22 [main] INFO  com.ce.sr.controllers.AuthController - User test-1871878321 was created
2022-04-26 10:44:22 [main] DEBUG com.ce.sr.controllers.AuthController - Successfully logged in test-1871878321
2022-04-26 10:44:23 [main] INFO  com.ce.sr.controllers.AuthController - User test-1871878321 logout
2022-04-26 10:44:23 [main] INFO  com.ce.sr.controllers.AuthController - User test-797461656 was created
2022-04-26 10:44:23 [main] DEBUG com.ce.sr.controllers.AuthController - Successfully logged in test-797461656
2022-04-26 10:44:23 [main] INFO  com.ce.sr.controllers.AuthController - User test-797461656 logout
2022-04-26 10:44:24 [main] INFO  com.ce.sr.controllers.AuthController - User test445264300 was created
2022-04-26 10:44:24 [main] DEBUG com.ce.sr.controllers.AuthController - Successfully logged in test445264300
2022-04-26 10:44:24 [main] INFO  com.ce.sr.controllers.AuthController - User test445264300 logout
2022-04-26 10:44:24 [main] INFO  com.ce.sr.controllers.AuthController - User test1964401828 was created
2022-04-26 10:44:24 [main] DEBUG com.ce.sr.controllers.AuthController - Successfully logged in test1964401828
2022-04-26 10:44:25 [main] INFO  com.ce.sr.controllers.AuthController - User test1964401828 logout
2022-04-26 10:44:25 [main] INFO  com.ce.sr.controllers.AuthController - User test-871374603 was created
2022-04-26 10:44:25 [main] DEBUG com.ce.sr.controllers.AuthController - Successfully logged in test-871374603
2022-04-26 10:44:25 [main] INFO  com.ce.sr.controllers.AuthController - User test-871374603 logout
2022-04-26 10:44:25 [main] INFO  com.ce.sr.controllers.AuthController - User test-1711927629 was created
2022-04-26 10:44:25 [main] DEBUG com.ce.sr.controllers.AuthController - Successfully logged in test-1711927629
2022-04-26 10:44:25 [main] INFO  com.ce.sr.controllers.AuthController - User test-1711927629 logout
2022-04-26 10:44:26 [main] INFO  com.ce.sr.controllers.AuthController - User test-1885118270 was created
2022-04-26 10:44:26 [main] DEBUG com.ce.sr.controllers.AuthController - Successfully logged in test-1885118270
2022-04-26 10:44:26 [main] INFO  com.ce.sr.controllers.AuthController - User test-1885118270 logout
2022-04-26 10:44:26 [main] INFO  com.ce.sr.controllers.AuthController - User test2032364441 was created
2022-04-26 10:44:26 [main] DEBUG com.ce.sr.controllers.AuthController - Successfully logged in test2032364441
2022-04-26 10:44:26 [main] INFO  com.ce.sr.controllers.AuthController - User test2032364441 logout
2022-04-26 10:46:33 [main] INFO  com.ce.sr.controllers.AuthController - User test1934218295 was created
2022-04-26 10:48:47 [main] INFO  com.ce.sr.controllers.AuthController - User test-985482025 was created
2022-04-26 10:48:49 [main] INFO  com.ce.sr.controllers.AuthController - User test-1872553871 was created
2022-04-26 10:48:50 [main] INFO  com.ce.sr.controllers.AuthController - User test659684971 was created
2022-04-26 10:48:50 [main] INFO  com.ce.sr.controllers.AuthController - User test1855917856 was created
2022-04-26 10:48:51 [main] INFO  com.ce.sr.controllers.AuthController - User test1161819990 was created
2022-04-26 10:48:51 [main] INFO  com.ce.sr.controllers.AuthController - Bad credentials badcredentials
2022-04-26 10:48:51 [main] INFO  com.ce.sr.controllers.AuthController - User test12652192 was created
2022-04-26 10:48:51 [main] INFO  com.ce.sr.controllers.AuthController - User test9206700 was created
2022-04-26 10:48:52 [main] INFO  com.ce.sr.controllers.AuthController - User test1519247132 was created
2022-04-26 10:48:52 [main] DEBUG com.ce.sr.controllers.AuthController - Successfully logged in test1519247132
2022-04-26 10:48:52 [main] INFO  com.ce.sr.controllers.AuthController - User test1519247132 logout
2022-04-26 10:48:53 [main] INFO  com.ce.sr.controllers.AuthController - User test-1317049470 was created
2022-04-26 10:48:53 [main] DEBUG com.ce.sr.controllers.AuthController - Successfully logged in test-1317049470
2022-04-26 10:48:53 [main] INFO  com.ce.sr.controllers.AuthController - User test-1317049470 logout
2022-04-26 10:48:54 [main] INFO  com.ce.sr.controllers.AuthController - User test501205955 was created
2022-04-26 10:48:54 [main] DEBUG com.ce.sr.controllers.AuthController - Successfully logged in test501205955
2022-04-26 10:48:54 [main] INFO  com.ce.sr.controllers.AuthController - User test501205955 logout
2022-04-26 10:48:54 [main] INFO  com.ce.sr.controllers.AuthController - User test-618246930 was created
2022-04-26 10:48:54 [main] DEBUG com.ce.sr.controllers.AuthController - Successfully logged in test-618246930
2022-04-26 10:48:54 [main] INFO  com.ce.sr.controllers.AuthController - User test-618246930 logout
2022-04-26 10:48:55 [main] INFO  com.ce.sr.controllers.AuthController - User test1949903285 was created
2022-04-26 10:48:55 [main] DEBUG com.ce.sr.controllers.AuthController - Successfully logged in test1949903285
2022-04-26 10:48:55 [main] INFO  com.ce.sr.controllers.AuthController - User test1949903285 logout
2022-04-26 10:48:55 [main] INFO  com.ce.sr.controllers.AuthController - User test-1101491481 was created
2022-04-26 10:48:55 [main] DEBUG com.ce.sr.controllers.AuthController - Successfully logged in test-1101491481
2022-04-26 10:48:55 [main] INFO  com.ce.sr.controllers.AuthController - User test-1101491481 logout
2022-04-26 10:48:56 [main] INFO  com.ce.sr.controllers.AuthController - User test-884354735 was created
2022-04-26 10:48:56 [main] DEBUG com.ce.sr.controllers.AuthController - Successfully logged in test-884354735
2022-04-26 10:48:56 [main] INFO  com.ce.sr.controllers.AuthController - User test-884354735 logout
2022-04-26 10:48:56 [main] INFO  com.ce.sr.controllers.AuthController - User test-404202913 was created
2022-04-26 10:48:57 [main] DEBUG com.ce.sr.controllers.AuthController - Successfully logged in test-404202913
2022-04-26 10:48:57 [main] INFO  com.ce.sr.controllers.AuthController - User test-404202913 logout
2022-04-26 10:52:33 [main] INFO  com.ce.sr.controllers.AuthController - User test316798243 was created
2022-04-26 10:52:35 [main] INFO  com.ce.sr.controllers.AuthController - User test-550396460 was created
2022-04-26 10:52:35 [main] INFO  com.ce.sr.controllers.AuthController - User test1442196370 was created
2022-04-26 10:52:36 [main] INFO  com.ce.sr.controllers.AuthController - User test-542201401 was created
2022-04-26 10:52:36 [main] INFO  com.ce.sr.controllers.AuthController - User test-8488845 was created
2022-04-26 10:52:36 [main] INFO  com.ce.sr.controllers.AuthController - Bad credentials badcredentials
2022-04-26 10:52:36 [main] INFO  com.ce.sr.controllers.AuthController - User test-1368720200 was created
2022-04-26 10:52:36 [main] INFO  com.ce.sr.controllers.AuthController - User test-672052592 was created
2022-04-26 10:52:37 [main] INFO  com.ce.sr.controllers.AuthController - User test292195332 was created
2022-04-26 10:52:37 [main] DEBUG com.ce.sr.controllers.AuthController - Successfully logged in test292195332
2022-04-26 10:52:37 [main] INFO  com.ce.sr.controllers.AuthController - User test292195332 logout
2022-04-26 10:52:37 [main] INFO  com.ce.sr.controllers.AuthController - User test-525979920 was created
2022-04-26 10:52:37 [main] DEBUG com.ce.sr.controllers.AuthController - Successfully logged in test-525979920
2022-04-26 10:52:38 [main] INFO  com.ce.sr.controllers.AuthController - User test-525979920 logout
2022-04-26 10:52:38 [main] INFO  com.ce.sr.controllers.AuthController - User test-116511917 was created
2022-04-26 10:52:38 [main] DEBUG com.ce.sr.controllers.AuthController - Successfully logged in test-116511917
2022-04-26 10:52:38 [main] INFO  com.ce.sr.controllers.AuthController - User test-116511917 logout
2022-04-26 10:52:38 [main] INFO  com.ce.sr.controllers.AuthController - User test967590752 was created
2022-04-26 10:52:38 [main] DEBUG com.ce.sr.controllers.AuthController - Successfully logged in test967590752
2022-04-26 10:52:39 [main] INFO  com.ce.sr.controllers.AuthController - User test967590752 logout
2022-04-26 10:52:39 [main] INFO  com.ce.sr.controllers.AuthController - User test147261622 was created
2022-04-26 10:52:39 [main] DEBUG com.ce.sr.controllers.AuthController - Successfully logged in test147261622
2022-04-26 10:52:39 [main] INFO  com.ce.sr.controllers.AuthController - User test147261622 logout
2022-04-26 10:52:39 [main] INFO  com.ce.sr.controllers.AuthController - User test887868442 was created
2022-04-26 10:52:39 [main] DEBUG com.ce.sr.controllers.AuthController - Successfully logged in test887868442
2022-04-26 10:52:39 [main] INFO  com.ce.sr.controllers.AuthController - User test887868442 logout
2022-04-26 10:52:39 [main] INFO  com.ce.sr.controllers.AuthController - User test-723259634 was created
2022-04-26 10:52:40 [main] DEBUG com.ce.sr.controllers.AuthController - Successfully logged in test-723259634
2022-04-26 10:52:40 [main] INFO  com.ce.sr.controllers.AuthController - User test-723259634 logout
2022-04-26 10:52:40 [main] INFO  com.ce.sr.controllers.AuthController - User test-670484006 was created
2022-04-26 10:52:40 [main] DEBUG com.ce.sr.controllers.AuthController - Successfully logged in test-670484006
2022-04-26 10:52:40 [main] INFO  com.ce.sr.controllers.AuthController - User test-670484006 logout
2022-04-26 10:56:18 [main] INFO  com.ce.sr.controllers.AuthController - User test1281218216 was created
2022-04-26 10:56:20 [main] INFO  com.ce.sr.controllers.AuthController - User test-432465472 was created
2022-04-26 10:56:21 [main] INFO  com.ce.sr.controllers.AuthController - User test-1483985736 was created
2022-04-26 10:56:21 [main] INFO  com.ce.sr.controllers.AuthController - User test2145970680 was created
2022-04-26 10:56:21 [main] INFO  com.ce.sr.controllers.AuthController - User test1503390325 was created
2022-04-26 10:56:21 [main] INFO  com.ce.sr.controllers.AuthController - Bad credentials badcredentials
2022-04-26 10:56:21 [main] INFO  com.ce.sr.controllers.AuthController - User test-637758240 was created
2022-04-26 10:56:22 [main] INFO  com.ce.sr.controllers.AuthController - User test-938025635 was created
2022-04-26 10:56:22 [main] INFO  com.ce.sr.controllers.AuthController - User test1527482725 was created
2022-04-26 10:56:22 [main] DEBUG com.ce.sr.controllers.AuthController - Successfully logged in test1527482725
2022-04-26 10:56:22 [main] INFO  com.ce.sr.controllers.AuthController - User test1527482725 logout
2022-04-26 10:56:23 [main] INFO  com.ce.sr.controllers.AuthController - User test-1030399289 was created
2022-04-26 10:56:23 [main] DEBUG com.ce.sr.controllers.AuthController - Successfully logged in test-1030399289
2022-04-26 10:56:23 [main] INFO  com.ce.sr.controllers.AuthController - User test-1030399289 logout
2022-04-26 10:56:24 [main] INFO  com.ce.sr.controllers.AuthController - User test102475619 was created
2022-04-26 10:56:24 [main] DEBUG com.ce.sr.controllers.AuthController - Successfully logged in test102475619
2022-04-26 10:56:24 [main] INFO  com.ce.sr.controllers.AuthController - User test102475619 logout
2022-04-26 10:56:24 [main] INFO  com.ce.sr.controllers.AuthController - User test-1137340794 was created
2022-04-26 10:56:24 [main] DEBUG com.ce.sr.controllers.AuthController - Successfully logged in test-1137340794
2022-04-26 10:56:24 [main] INFO  com.ce.sr.controllers.AuthController - User test-1137340794 logout
2022-04-26 10:56:25 [main] INFO  com.ce.sr.controllers.AuthController - User test-803270996 was created
2022-04-26 10:56:25 [main] DEBUG com.ce.sr.controllers.AuthController - Successfully logged in test-803270996
2022-04-26 10:56:25 [main] INFO  com.ce.sr.controllers.AuthController - User test-803270996 logout
2022-04-26 10:56:25 [main] INFO  com.ce.sr.controllers.AuthController - User test-1658740788 was created
2022-04-26 10:56:25 [main] DEBUG com.ce.sr.controllers.AuthController - Successfully logged in test-1658740788
2022-04-26 10:56:25 [main] INFO  com.ce.sr.controllers.AuthController - User test-1658740788 logout
2022-04-26 10:56:25 [main] INFO  com.ce.sr.controllers.AuthController - User test-366346353 was created
2022-04-26 10:56:26 [main] DEBUG com.ce.sr.controllers.AuthController - Successfully logged in test-366346353
2022-04-26 10:56:26 [main] INFO  com.ce.sr.controllers.AuthController - User test-366346353 logout
2022-04-26 10:56:26 [main] INFO  com.ce.sr.controllers.AuthController - User test-830734811 was created
2022-04-26 10:56:26 [main] DEBUG com.ce.sr.controllers.AuthController - Successfully logged in test-830734811
2022-04-26 10:56:26 [main] INFO  com.ce.sr.controllers.AuthController - User test-830734811 logout
2022-04-26 11:02:24 [main] INFO  com.ce.sr.controllers.AuthController - User test1187908777 was created
2022-04-26 11:02:26 [main] INFO  com.ce.sr.controllers.AuthController - User test261434575 was created
2022-04-26 11:02:26 [main] INFO  com.ce.sr.controllers.AuthController - User test-941056846 was created
2022-04-26 11:02:27 [main] INFO  com.ce.sr.controllers.AuthController - User test-750745779 was created
2022-04-26 11:02:27 [main] INFO  com.ce.sr.controllers.AuthController - User test351938086 was created
2022-04-26 11:02:27 [main] INFO  com.ce.sr.controllers.AuthController - User test-1776810498 was created
2022-04-26 11:02:27 [main] INFO  com.ce.sr.controllers.AuthController - Bad credentials badcredentials
2022-04-26 11:02:27 [main] INFO  com.ce.sr.controllers.AuthController - User test-857678693 was created
2022-04-26 11:02:28 [main] INFO  com.ce.sr.controllers.AuthController - User test376332168 was created
2022-04-26 11:02:28 [main] INFO  com.ce.sr.controllers.AuthController - User test-508245691 was created
2022-04-26 11:02:28 [main] DEBUG com.ce.sr.controllers.AuthController - Successfully logged in test-508245691
2022-04-26 11:02:28 [main] INFO  com.ce.sr.controllers.AuthController - User test-508245691 logout
2022-04-26 11:02:29 [main] INFO  com.ce.sr.controllers.AuthController - User test-447511363 was created
2022-04-26 11:02:29 [main] DEBUG com.ce.sr.controllers.AuthController - Successfully logged in test-447511363
2022-04-26 11:02:29 [main] INFO  com.ce.sr.controllers.AuthController - User test-447511363 logout
2022-04-26 11:02:29 [main] INFO  com.ce.sr.controllers.AuthController - User test-1195466902 was created
2022-04-26 11:02:29 [main] DEBUG com.ce.sr.controllers.AuthController - Successfully logged in test-1195466902
2022-04-26 11:02:29 [main] INFO  com.ce.sr.controllers.AuthController - User test-1195466902 logout
2022-04-26 11:02:30 [main] INFO  com.ce.sr.controllers.AuthController - User test22647058 was created
2022-04-26 11:02:30 [main] DEBUG com.ce.sr.controllers.AuthController - Successfully logged in test22647058
2022-04-26 11:02:30 [main] INFO  com.ce.sr.controllers.AuthController - User test22647058 logout
2022-04-26 11:02:30 [main] INFO  com.ce.sr.controllers.AuthController - User test-1027121018 was created
2022-04-26 11:02:30 [main] DEBUG com.ce.sr.controllers.AuthController - Successfully logged in test-1027121018
2022-04-26 11:02:30 [main] INFO  com.ce.sr.controllers.AuthController - User test-1027121018 logout
2022-04-26 11:02:30 [main] INFO  com.ce.sr.controllers.AuthController - User test-447286588 was created
2022-04-26 11:02:30 [main] DEBUG com.ce.sr.controllers.AuthController - Successfully logged in test-447286588
2022-04-26 11:02:30 [main] INFO  com.ce.sr.controllers.AuthController - User test-447286588 logout
2022-04-26 11:02:31 [main] INFO  com.ce.sr.controllers.AuthController - User test1988918345 was created
2022-04-26 11:02:31 [main] DEBUG com.ce.sr.controllers.AuthController - Successfully logged in test1988918345
2022-04-26 11:02:31 [main] INFO  com.ce.sr.controllers.AuthController - User test1988918345 logout
2022-04-26 11:02:31 [main] INFO  com.ce.sr.controllers.AuthController - User test546843833 was created
2022-04-26 11:02:31 [main] DEBUG com.ce.sr.controllers.AuthController - Successfully logged in test546843833
2022-04-26 11:02:31 [main] INFO  com.ce.sr.controllers.AuthController - User test546843833 logout
2022-04-26 11:09:43 [main] INFO  com.ce.sr.controllers.AuthController - User test-302610411 was created
2022-04-26 11:09:45 [main] INFO  com.ce.sr.controllers.AuthController - User test-1630333687 was created
2022-04-26 11:09:45 [main] INFO  com.ce.sr.controllers.AuthController - User test130185372 was created
2022-04-26 11:09:46 [main] INFO  com.ce.sr.controllers.AuthController - User test-2132496888 was created
2022-04-26 11:09:46 [main] INFO  com.ce.sr.controllers.AuthController - Bad credentials badcredentials
2022-04-26 11:09:46 [main] INFO  com.ce.sr.controllers.AuthController - User test-1533165761 was created
2022-04-26 11:09:46 [main] INFO  com.ce.sr.controllers.AuthController - User test1458428637 was created
2022-04-26 11:09:47 [main] INFO  com.ce.sr.controllers.AuthController - User test2002594346 was created
2022-04-26 11:09:47 [main] DEBUG com.ce.sr.controllers.AuthController - Successfully logged in test2002594346
2022-04-26 11:09:47 [main] INFO  com.ce.sr.controllers.AuthController - User test2002594346 logout
2022-04-26 11:09:48 [main] INFO  com.ce.sr.controllers.AuthController - User test274183535 was created
2022-04-26 11:09:48 [main] DEBUG com.ce.sr.controllers.AuthController - Successfully logged in test274183535
2022-04-26 11:09:48 [main] INFO  com.ce.sr.controllers.AuthController - User test274183535 logout
2022-04-26 11:09:49 [main] INFO  com.ce.sr.controllers.AuthController - User test1561882483 was created
2022-04-26 11:09:49 [main] DEBUG com.ce.sr.controllers.AuthController - Successfully logged in test1561882483
2022-04-26 11:09:49 [main] INFO  com.ce.sr.controllers.AuthController - User test1561882483 logout
2022-04-26 11:09:49 [main] INFO  com.ce.sr.controllers.AuthController - User test-1286821219 was created
2022-04-26 11:09:50 [main] DEBUG com.ce.sr.controllers.AuthController - Successfully logged in test-1286821219
2022-04-26 11:09:50 [main] INFO  com.ce.sr.controllers.AuthController - User test-1286821219 logout
2022-04-26 11:09:50 [main] INFO  com.ce.sr.controllers.AuthController - User test-727678657 was created
2022-04-26 11:09:50 [main] DEBUG com.ce.sr.controllers.AuthController - Successfully logged in test-727678657
2022-04-26 11:09:50 [main] INFO  com.ce.sr.controllers.AuthController - User test-727678657 logout
2022-04-26 11:09:50 [main] INFO  com.ce.sr.controllers.AuthController - User test1887647791 was created
2022-04-26 11:09:50 [main] DEBUG com.ce.sr.controllers.AuthController - Successfully logged in test1887647791
2022-04-26 11:09:51 [main] INFO  com.ce.sr.controllers.AuthController - User test1887647791 logout
2022-04-26 11:09:51 [main] INFO  com.ce.sr.controllers.AuthController - User test870519351 was created
2022-04-26 11:09:51 [main] DEBUG com.ce.sr.controllers.AuthController - Successfully logged in test870519351
2022-04-26 11:09:51 [main] INFO  com.ce.sr.controllers.AuthController - User test870519351 logout
2022-04-26 11:09:51 [main] INFO  com.ce.sr.controllers.AuthController - User test-239493439 was created
2022-04-26 11:09:51 [main] DEBUG com.ce.sr.controllers.AuthController - Successfully logged in test-239493439
2022-04-26 11:09:51 [main] INFO  com.ce.sr.controllers.AuthController - User test-239493439 logout
2022-04-26 11:17:16 [main] INFO  com.ce.sr.controllers.AuthController - User test-656016864 was created
2022-04-26 11:17:17 [main] INFO  com.ce.sr.controllers.AuthController - User test-862540250 was created
2022-04-26 11:17:18 [main] INFO  com.ce.sr.controllers.AuthController - User test2076856811 was created
2022-04-26 11:17:18 [main] INFO  com.ce.sr.controllers.AuthController - User test-2137949374 was created
2022-04-26 11:17:18 [main] INFO  com.ce.sr.controllers.AuthController - Bad credentials badcredentials
2022-04-26 11:17:18 [main] INFO  com.ce.sr.controllers.AuthController - User test881519317 was created
2022-04-26 11:17:19 [main] INFO  com.ce.sr.controllers.AuthController - User test-1978022366 was created
2022-04-26 11:17:19 [main] INFO  com.ce.sr.controllers.AuthController - User test839307537 was created
2022-04-26 11:17:19 [main] DEBUG com.ce.sr.controllers.AuthController - Successfully logged in test839307537
2022-04-26 11:17:19 [main] INFO  com.ce.sr.controllers.AuthController - User test839307537 logout
2022-04-26 11:17:20 [main] INFO  com.ce.sr.controllers.AuthController - User test-800970038 was created
2022-04-26 11:17:20 [main] DEBUG com.ce.sr.controllers.AuthController - Successfully logged in test-800970038
2022-04-26 11:17:20 [main] INFO  com.ce.sr.controllers.AuthController - User test-800970038 logout
2022-04-26 11:17:20 [main] INFO  com.ce.sr.controllers.AuthController - User test2132451593 was created
2022-04-26 11:17:20 [main] DEBUG com.ce.sr.controllers.AuthController - Successfully logged in test2132451593
2022-04-26 11:17:20 [main] INFO  com.ce.sr.controllers.AuthController - User test2132451593 logout
2022-04-26 11:17:21 [main] INFO  com.ce.sr.controllers.AuthController - User test146720079 was created
2022-04-26 11:17:21 [main] DEBUG com.ce.sr.controllers.AuthController - Successfully logged in test146720079
2022-04-26 11:17:21 [main] INFO  com.ce.sr.controllers.AuthController - User test146720079 logout
2022-04-26 11:17:21 [main] INFO  com.ce.sr.controllers.AuthController - User test-568941880 was created
2022-04-26 11:17:21 [main] DEBUG com.ce.sr.controllers.AuthController - Successfully logged in test-568941880
2022-04-26 11:17:21 [main] INFO  com.ce.sr.controllers.AuthController - User test-568941880 logout
2022-04-26 11:17:22 [main] INFO  com.ce.sr.controllers.AuthController - User test1155545020 was created
2022-04-26 11:17:22 [main] DEBUG com.ce.sr.controllers.AuthController - Successfully logged in test1155545020
2022-04-26 11:17:22 [main] INFO  com.ce.sr.controllers.AuthController - User test1155545020 logout
2022-04-26 11:17:22 [main] INFO  com.ce.sr.controllers.AuthController - User test758238729 was created
2022-04-26 11:17:22 [main] DEBUG com.ce.sr.controllers.AuthController - Successfully logged in test758238729
2022-04-26 11:17:22 [main] INFO  com.ce.sr.controllers.AuthController - User test758238729 logout
2022-04-26 11:17:23 [main] INFO  com.ce.sr.controllers.AuthController - User test1548011567 was created
2022-04-26 11:17:23 [main] DEBUG com.ce.sr.controllers.AuthController - Successfully logged in test1548011567
2022-04-26 11:17:23 [main] INFO  com.ce.sr.controllers.AuthController - User test1548011567 logout
2022-04-26 11:20:19 [main] INFO  com.ce.sr.controllers.AuthController - User test-1927125907 was created
2022-04-26 11:20:21 [main] INFO  com.ce.sr.controllers.AuthController - User test-454952100 was created
2022-04-26 11:20:21 [main] INFO  com.ce.sr.controllers.AuthController - User test-995949089 was created
2022-04-26 11:20:22 [main] INFO  com.ce.sr.controllers.AuthController - User test-798604306 was created
2022-04-26 11:20:22 [main] INFO  com.ce.sr.controllers.AuthController - User test-459604288 was created
2022-04-26 11:20:22 [main] INFO  com.ce.sr.controllers.AuthController - Bad credentials badcredentials
2022-04-26 11:20:22 [main] INFO  com.ce.sr.controllers.AuthController - User test1705685131 was created
2022-04-26 11:20:22 [main] INFO  com.ce.sr.controllers.AuthController - User test1876444129 was created
2022-04-26 11:20:22 [main] INFO  com.ce.sr.controllers.AuthController - User test856056568 was created
2022-04-26 11:20:23 [main] DEBUG com.ce.sr.controllers.AuthController - Successfully logged in test856056568
2022-04-26 11:20:23 [main] INFO  com.ce.sr.controllers.AuthController - User test856056568 logout
2022-04-26 11:20:23 [main] INFO  com.ce.sr.controllers.AuthController - User test470315811 was created
2022-04-26 11:20:24 [main] DEBUG com.ce.sr.controllers.AuthController - Successfully logged in test470315811
2022-04-26 11:20:24 [main] INFO  com.ce.sr.controllers.AuthController - User test470315811 logout
2022-04-26 11:20:24 [main] INFO  com.ce.sr.controllers.AuthController - User test-860854638 was created
2022-04-26 11:20:24 [main] DEBUG com.ce.sr.controllers.AuthController - Successfully logged in test-860854638
2022-04-26 11:20:24 [main] INFO  com.ce.sr.controllers.AuthController - User test-860854638 logout
2022-04-26 11:20:25 [main] INFO  com.ce.sr.controllers.AuthController - User test121986575 was created
2022-04-26 11:20:25 [main] DEBUG com.ce.sr.controllers.AuthController - Successfully logged in test121986575
2022-04-26 11:20:25 [main] INFO  com.ce.sr.controllers.AuthController - User test121986575 logout
2022-04-26 11:20:25 [main] INFO  com.ce.sr.controllers.AuthController - User test-947800312 was created
2022-04-26 11:20:25 [main] DEBUG com.ce.sr.controllers.AuthController - Successfully logged in test-947800312
2022-04-26 11:20:25 [main] INFO  com.ce.sr.controllers.AuthController - User test-947800312 logout
2022-04-26 11:20:25 [main] INFO  com.ce.sr.controllers.AuthController - User test239503098 was created
2022-04-26 11:20:26 [main] DEBUG com.ce.sr.controllers.AuthController - Successfully logged in test239503098
2022-04-26 11:20:26 [main] INFO  com.ce.sr.controllers.AuthController - User test239503098 logout
2022-04-26 11:20:26 [main] INFO  com.ce.sr.controllers.AuthController - User test-1691630033 was created
2022-04-26 11:20:26 [main] DEBUG com.ce.sr.controllers.AuthController - Successfully logged in test-1691630033
2022-04-26 11:20:26 [main] INFO  com.ce.sr.controllers.AuthController - User test-1691630033 logout
2022-04-26 11:20:26 [main] INFO  com.ce.sr.controllers.AuthController - User test-1291000783 was created
2022-04-26 11:20:26 [main] DEBUG com.ce.sr.controllers.AuthController - Successfully logged in test-1291000783
2022-04-26 11:20:26 [main] INFO  com.ce.sr.controllers.AuthController - User test-1291000783 logout
2022-04-26 11:23:32 [main] INFO  com.ce.sr.controllers.AuthController - User test2004377684 was created
2022-04-26 11:23:35 [main] INFO  com.ce.sr.controllers.AuthController - User test1495905228 was created
2022-04-26 11:23:35 [main] INFO  com.ce.sr.controllers.AuthController - User test1843705581 was created
2022-04-26 11:23:35 [main] INFO  com.ce.sr.controllers.AuthController - User test2071692851 was created
2022-04-26 11:23:35 [main] INFO  com.ce.sr.controllers.AuthController - User test-1384103989 was created
2022-04-26 11:23:36 [main] INFO  com.ce.sr.controllers.AuthController - User test395405792 was created
2022-04-26 11:23:36 [main] INFO  com.ce.sr.controllers.AuthController - Bad credentials badcredentials
2022-04-26 11:23:36 [main] INFO  com.ce.sr.controllers.AuthController - User test-414146067 was created
2022-04-26 11:23:36 [main] INFO  com.ce.sr.controllers.AuthController - User test1623785263 was created
2022-04-26 11:23:36 [main] INFO  com.ce.sr.controllers.AuthController - User test438055939 was created
2022-04-26 11:23:37 [main] DEBUG com.ce.sr.controllers.AuthController - Successfully logged in test438055939
2022-04-26 11:23:37 [main] INFO  com.ce.sr.controllers.AuthController - User test438055939 logout
2022-04-26 11:23:38 [main] INFO  com.ce.sr.controllers.AuthController - User test1396707577 was created
2022-04-26 11:23:38 [main] DEBUG com.ce.sr.controllers.AuthController - Successfully logged in test1396707577
2022-04-26 11:23:38 [main] INFO  com.ce.sr.controllers.AuthController - User test1396707577 logout
2022-04-26 11:23:38 [main] INFO  com.ce.sr.controllers.AuthController - User test-625862403 was created
2022-04-26 11:23:38 [main] DEBUG com.ce.sr.controllers.AuthController - Successfully logged in test-625862403
2022-04-26 11:23:38 [main] INFO  com.ce.sr.controllers.AuthController - User test-625862403 logout
2022-04-26 11:23:39 [main] INFO  com.ce.sr.controllers.AuthController - User test1497150129 was created
2022-04-26 11:23:39 [main] DEBUG com.ce.sr.controllers.AuthController - Successfully logged in test1497150129
2022-04-26 11:23:39 [main] INFO  com.ce.sr.controllers.AuthController - User test1497150129 logout
2022-04-26 11:23:39 [main] INFO  com.ce.sr.controllers.AuthController - User test-1550171814 was created
2022-04-26 11:23:39 [main] DEBUG com.ce.sr.controllers.AuthController - Successfully logged in test-1550171814
2022-04-26 11:23:39 [main] INFO  com.ce.sr.controllers.AuthController - User test-1550171814 logout
2022-04-26 11:23:39 [main] INFO  com.ce.sr.controllers.AuthController - User test-2002069603 was created
2022-04-26 11:23:39 [main] DEBUG com.ce.sr.controllers.AuthController - Successfully logged in test-2002069603
2022-04-26 11:23:40 [main] INFO  com.ce.sr.controllers.AuthController - User test-2002069603 logout
2022-04-26 11:23:40 [main] INFO  com.ce.sr.controllers.AuthController - User test1430509292 was created
2022-04-26 11:23:40 [main] DEBUG com.ce.sr.controllers.AuthController - Successfully logged in test1430509292
2022-04-26 11:23:40 [main] INFO  com.ce.sr.controllers.AuthController - User test1430509292 logout
2022-04-26 11:23:40 [main] INFO  com.ce.sr.controllers.AuthController - User test1251145767 was created
2022-04-26 11:23:40 [main] DEBUG com.ce.sr.controllers.AuthController - Successfully logged in test1251145767
2022-04-26 11:23:40 [main] INFO  com.ce.sr.controllers.AuthController - User test1251145767 logout
2022-04-26 11:25:23 [main] INFO  com.ce.sr.controllers.AuthController - User test-598720590 was created
2022-04-26 11:25:26 [main] INFO  com.ce.sr.controllers.AuthController - User test1118488031 was created
2022-04-26 11:25:26 [main] INFO  com.ce.sr.controllers.AuthController - User test909954363 was created
2022-04-26 11:25:26 [main] INFO  com.ce.sr.controllers.AuthController - User test-670043888 was created
2022-04-26 11:25:26 [main] INFO  com.ce.sr.controllers.AuthController - User test1194915416 was created
2022-04-26 11:25:27 [main] INFO  com.ce.sr.controllers.AuthController - User test-636796846 was created
2022-04-26 11:25:27 [main] INFO  com.ce.sr.controllers.AuthController - Bad credentials badcredentials
2022-04-26 11:25:27 [main] INFO  com.ce.sr.controllers.AuthController - User test-1310638524 was created
2022-04-26 11:25:28 [main] INFO  com.ce.sr.controllers.AuthController - User test-135477737 was created
2022-04-26 11:25:28 [main] INFO  com.ce.sr.controllers.AuthController - User test-1227617856 was created
2022-04-26 11:25:28 [main] DEBUG com.ce.sr.controllers.AuthController - Successfully logged in test-1227617856
2022-04-26 11:25:29 [main] INFO  com.ce.sr.controllers.AuthController - User test-1227617856 logout
2022-04-26 11:25:29 [main] INFO  com.ce.sr.controllers.AuthController - User test-684551600 was created
2022-04-26 11:25:29 [main] DEBUG com.ce.sr.controllers.AuthController - Successfully logged in test-684551600
2022-04-26 11:25:30 [main] INFO  com.ce.sr.controllers.AuthController - User test-684551600 logout
2022-04-26 11:25:30 [main] INFO  com.ce.sr.controllers.AuthController - User test-1279531995 was created
2022-04-26 11:25:30 [main] DEBUG com.ce.sr.controllers.AuthController - Successfully logged in test-1279531995
2022-04-26 11:25:30 [main] INFO  com.ce.sr.controllers.AuthController - User test-1279531995 logout
2022-04-26 11:25:30 [main] INFO  com.ce.sr.controllers.AuthController - User test-774238680 was created
2022-04-26 11:25:30 [main] DEBUG com.ce.sr.controllers.AuthController - Successfully logged in test-774238680
2022-04-26 11:25:31 [main] INFO  com.ce.sr.controllers.AuthController - User test-774238680 logout
2022-04-26 11:25:31 [main] INFO  com.ce.sr.controllers.AuthController - User test-4318463 was created
2022-04-26 11:25:31 [main] DEBUG com.ce.sr.controllers.AuthController - Successfully logged in test-4318463
2022-04-26 11:25:31 [main] INFO  com.ce.sr.controllers.AuthController - User test-4318463 logout
2022-04-26 11:25:31 [main] INFO  com.ce.sr.controllers.AuthController - User test161786642 was created
2022-04-26 11:25:31 [main] DEBUG com.ce.sr.controllers.AuthController - Successfully logged in test161786642
2022-04-26 11:25:31 [main] INFO  com.ce.sr.controllers.AuthController - User test161786642 logout
2022-04-26 11:25:32 [main] INFO  com.ce.sr.controllers.AuthController - User test577770118 was created
2022-04-26 11:25:32 [main] DEBUG com.ce.sr.controllers.AuthController - Successfully logged in test577770118
2022-04-26 11:25:32 [main] INFO  com.ce.sr.controllers.AuthController - User test577770118 logout
2022-04-26 11:25:32 [main] INFO  com.ce.sr.controllers.AuthController - User test-1638702135 was created
2022-04-26 11:25:32 [main] DEBUG com.ce.sr.controllers.AuthController - Successfully logged in test-1638702135
2022-04-26 11:25:32 [main] INFO  com.ce.sr.controllers.AuthController - User test-1638702135 logout
2022-04-26 11:30:11 [main] INFO  com.ce.sr.controllers.AuthController - User test-1914413782 was created
2022-04-26 11:30:15 [main] INFO  com.ce.sr.controllers.AuthController - User test-517743335 was created
2022-04-26 11:30:15 [main] INFO  com.ce.sr.controllers.AuthController - User test-962541910 was created
2022-04-26 11:30:15 [main] INFO  com.ce.sr.controllers.AuthController - User test-1745263870 was created
2022-04-26 11:30:15 [main] INFO  com.ce.sr.controllers.AuthController - User test274228084 was created
2022-04-26 11:30:15 [main] INFO  com.ce.sr.controllers.AuthController - User test1532913321 was created
2022-04-26 11:30:16 [main] INFO  com.ce.sr.controllers.AuthController - Bad credentials badcredentials
2022-04-26 11:30:16 [main] INFO  com.ce.sr.controllers.AuthController - User test1481155855 was created
2022-04-26 11:30:16 [main] INFO  com.ce.sr.controllers.AuthController - User test-133445965 was created
2022-04-26 11:30:16 [main] INFO  com.ce.sr.controllers.AuthController - User test-142327812 was created
2022-04-26 11:30:17 [main] DEBUG com.ce.sr.controllers.AuthController - Successfully logged in test-142327812
2022-04-26 11:30:17 [main] INFO  com.ce.sr.controllers.AuthController - User test-142327812 logout
2022-04-26 11:30:17 [main] INFO  com.ce.sr.controllers.AuthController - User test-1139669135 was created
2022-04-26 11:30:18 [main] DEBUG com.ce.sr.controllers.AuthController - Successfully logged in test-1139669135
2022-04-26 11:30:18 [main] INFO  com.ce.sr.controllers.AuthController - User test-1139669135 logout
2022-04-26 11:30:18 [main] INFO  com.ce.sr.controllers.AuthController - User test1561084011 was created
2022-04-26 11:30:18 [main] DEBUG com.ce.sr.controllers.AuthController - Successfully logged in test1561084011
2022-04-26 11:30:18 [main] INFO  com.ce.sr.controllers.AuthController - User test1561084011 logout
2022-04-26 11:30:18 [main] INFO  com.ce.sr.controllers.AuthController - User test-1619875617 was created
2022-04-26 11:30:19 [main] DEBUG com.ce.sr.controllers.AuthController - Successfully logged in test-1619875617
2022-04-26 11:30:19 [main] INFO  com.ce.sr.controllers.AuthController - User test-1619875617 logout
2022-04-26 11:30:19 [main] INFO  com.ce.sr.controllers.AuthController - User test82262465 was created
2022-04-26 11:30:19 [main] DEBUG com.ce.sr.controllers.AuthController - Successfully logged in test82262465
2022-04-26 11:30:19 [main] INFO  com.ce.sr.controllers.AuthController - User test82262465 logout
2022-04-26 11:30:19 [main] INFO  com.ce.sr.controllers.AuthController - User test-1159710751 was created
2022-04-26 11:30:19 [main] DEBUG com.ce.sr.controllers.AuthController - Successfully logged in test-1159710751
2022-04-26 11:30:20 [main] INFO  com.ce.sr.controllers.AuthController - User test-1159710751 logout
2022-04-26 11:30:20 [main] INFO  com.ce.sr.controllers.AuthController - User test-1686183950 was created
2022-04-26 11:30:20 [main] DEBUG com.ce.sr.controllers.AuthController - Successfully logged in test-1686183950
2022-04-26 11:30:20 [main] INFO  com.ce.sr.controllers.AuthController - User test-1686183950 logout
2022-04-26 11:30:20 [main] INFO  com.ce.sr.controllers.AuthController - User test-1531435561 was created
2022-04-26 11:30:20 [main] DEBUG com.ce.sr.controllers.AuthController - Successfully logged in test-1531435561
2022-04-26 11:30:20 [main] INFO  com.ce.sr.controllers.AuthController - User test-1531435561 logout
2022-04-26 11:36:36 [main] INFO  com.ce.sr.controllers.AuthController - User test911969590 was created
2022-04-26 11:36:39 [main] INFO  com.ce.sr.controllers.AuthController - User test923903314 was created
2022-04-26 11:36:39 [main] INFO  com.ce.sr.controllers.AuthController - User test1817081231 was created
2022-04-26 11:36:39 [main] INFO  com.ce.sr.controllers.AuthController - User test2135963343 was created
2022-04-26 11:36:39 [main] INFO  com.ce.sr.controllers.AuthController - User test978383533 was created
2022-04-26 11:36:39 [main] INFO  com.ce.sr.controllers.AuthController - User test1929640825 was created
2022-04-26 11:36:40 [main] INFO  com.ce.sr.controllers.AuthController - Bad credentials badcredentials
2022-04-26 11:36:40 [main] INFO  com.ce.sr.controllers.AuthController - User test-1731075297 was created
2022-04-26 11:36:40 [main] INFO  com.ce.sr.controllers.AuthController - User test-1757985426 was created
2022-04-26 11:36:40 [main] INFO  com.ce.sr.controllers.AuthController - User test671789516 was created
2022-04-26 11:36:41 [main] DEBUG com.ce.sr.controllers.AuthController - Successfully logged in test671789516
2022-04-26 11:36:41 [main] INFO  com.ce.sr.controllers.AuthController - User test671789516 logout
2022-04-26 11:36:41 [main] INFO  com.ce.sr.controllers.AuthController - User test-2118476197 was created
2022-04-26 11:36:41 [main] DEBUG com.ce.sr.controllers.AuthController - Successfully logged in test-2118476197
2022-04-26 11:36:42 [main] INFO  com.ce.sr.controllers.AuthController - User test-2118476197 logout
2022-04-26 11:36:42 [main] INFO  com.ce.sr.controllers.AuthController - User test2044543529 was created
2022-04-26 11:36:42 [main] DEBUG com.ce.sr.controllers.AuthController - Successfully logged in test2044543529
2022-04-26 11:36:42 [main] INFO  com.ce.sr.controllers.AuthController - User test2044543529 logout
2022-04-26 11:36:42 [main] INFO  com.ce.sr.controllers.AuthController - User test1248197806 was created
2022-04-26 11:36:43 [main] DEBUG com.ce.sr.controllers.AuthController - Successfully logged in test1248197806
2022-04-26 11:36:43 [main] INFO  com.ce.sr.controllers.AuthController - User test1248197806 logout
2022-04-26 11:36:43 [main] INFO  com.ce.sr.controllers.AuthController - User test-1993797205 was created
2022-04-26 11:36:43 [main] DEBUG com.ce.sr.controllers.AuthController - Successfully logged in test-1993797205
2022-04-26 11:36:43 [main] INFO  com.ce.sr.controllers.AuthController - User test-1993797205 logout
2022-04-26 11:36:44 [main] INFO  com.ce.sr.controllers.AuthController - User test1553501073 was created
2022-04-26 11:36:44 [main] DEBUG com.ce.sr.controllers.AuthController - Successfully logged in test1553501073
2022-04-26 11:36:44 [main] INFO  com.ce.sr.controllers.AuthController - User test1553501073 logout
2022-04-26 11:36:44 [main] INFO  com.ce.sr.controllers.AuthController - User test-1689440205 was created
2022-04-26 11:36:44 [main] DEBUG com.ce.sr.controllers.AuthController - Successfully logged in test-1689440205
2022-04-26 11:36:44 [main] INFO  com.ce.sr.controllers.AuthController - User test-1689440205 logout
2022-04-26 11:36:45 [main] INFO  com.ce.sr.controllers.AuthController - User test1056280836 was created
2022-04-26 11:36:45 [main] DEBUG com.ce.sr.controllers.AuthController - Successfully logged in test1056280836
2022-04-26 11:36:45 [main] INFO  com.ce.sr.controllers.AuthController - User test1056280836 logout
2022-04-26 11:53:11 [main] INFO  com.ce.sr.controllers.AuthController - User test-2134798002 was created
2022-04-26 11:53:14 [main] INFO  com.ce.sr.controllers.AuthController - User test-322468194 was created
2022-04-26 11:53:14 [main] INFO  com.ce.sr.controllers.AuthController - User test1517877452 was created
2022-04-26 11:53:14 [main] INFO  com.ce.sr.controllers.AuthController - User test2137972110 was created
2022-04-26 11:53:14 [main] INFO  com.ce.sr.controllers.AuthController - User test1489556237 was created
2022-04-26 11:53:14 [main] INFO  com.ce.sr.controllers.AuthController - User test1706065177 was created
2022-04-26 11:53:15 [main] INFO  com.ce.sr.controllers.AuthController - Bad credentials badcredentials
2022-04-26 11:53:15 [main] INFO  com.ce.sr.controllers.AuthController - User test1561187826 was created
2022-04-26 11:53:15 [main] INFO  com.ce.sr.controllers.AuthController - User test82165085 was created
2022-04-26 11:53:15 [main] INFO  com.ce.sr.controllers.AuthController - User test-766456075 was created
2022-04-26 11:53:16 [main] DEBUG com.ce.sr.controllers.AuthController - Successfully logged in test-766456075
2022-04-26 11:53:16 [main] INFO  com.ce.sr.controllers.AuthController - User test-766456075 logout
2022-04-26 11:53:16 [main] INFO  com.ce.sr.controllers.AuthController - User test-260133737 was created
2022-04-26 11:53:16 [main] DEBUG com.ce.sr.controllers.AuthController - Successfully logged in test-260133737
2022-04-26 11:53:17 [main] INFO  com.ce.sr.controllers.AuthController - User test-260133737 logout
2022-04-26 11:53:17 [main] INFO  com.ce.sr.controllers.AuthController - User test274737785 was created
2022-04-26 11:53:17 [main] DEBUG com.ce.sr.controllers.AuthController - Successfully logged in test274737785
2022-04-26 11:53:17 [main] INFO  com.ce.sr.controllers.AuthController - User test274737785 logout
2022-04-26 11:53:17 [main] INFO  com.ce.sr.controllers.AuthController - User test-25792866 was created
2022-04-26 11:53:18 [main] DEBUG com.ce.sr.controllers.AuthController - Successfully logged in test-25792866
2022-04-26 11:53:18 [main] INFO  com.ce.sr.controllers.AuthController - User test-25792866 logout
2022-04-26 11:53:18 [main] INFO  com.ce.sr.controllers.AuthController - User test1995017621 was created
2022-04-26 11:53:18 [main] DEBUG com.ce.sr.controllers.AuthController - Successfully logged in test1995017621
2022-04-26 11:53:18 [main] INFO  com.ce.sr.controllers.AuthController - User test1995017621 logout
2022-04-26 11:53:18 [main] INFO  com.ce.sr.controllers.AuthController - User test-432057685 was created
2022-04-26 11:53:18 [main] DEBUG com.ce.sr.controllers.AuthController - Successfully logged in test-432057685
2022-04-26 11:53:19 [main] INFO  com.ce.sr.controllers.AuthController - User test-432057685 logout
2022-04-26 11:53:19 [main] INFO  com.ce.sr.controllers.AuthController - User test1929907637 was created
2022-04-26 11:53:19 [main] DEBUG com.ce.sr.controllers.AuthController - Successfully logged in test1929907637
2022-04-26 11:53:19 [main] INFO  com.ce.sr.controllers.AuthController - User test1929907637 logout
2022-04-26 11:53:20 [main] INFO  com.ce.sr.controllers.AuthController - User test-1768574325 was created
2022-04-26 11:53:20 [main] DEBUG com.ce.sr.controllers.AuthController - Successfully logged in test-1768574325
2022-04-26 11:53:20 [main] INFO  com.ce.sr.controllers.AuthController - User test-1768574325 logout
2022-04-26 11:58:15 [main] INFO  com.ce.sr.controllers.AuthController - User test-1802890426 was created
2022-04-26 11:58:15 [main] INFO  com.ce.sr.controllers.AuthController - Bad credentials test-1802890426
2022-04-26 11:59:16 [main] INFO  com.ce.sr.controllers.AuthController - User test301017203 was created
2022-04-26 11:59:18 [main] DEBUG com.ce.sr.controllers.AuthController - Successfully logged in test301017203
2022-04-26 11:59:18 [main] INFO  com.ce.sr.controllers.AuthController - User test301017203 logout
2022-04-26 12:01:16 [main] INFO  com.ce.sr.controllers.AuthController - User test1860240726 was created
2022-04-26 12:02:02 [main] INFO  com.ce.sr.controllers.AuthController - User test-1428753319 was created
2022-04-26 12:02:03 [main] INFO  com.ce.sr.controllers.AuthController - User test1725616066 was created
2022-04-26 12:03:21 [main] INFO  com.ce.sr.controllers.AuthController - User test1534600031 was created
2022-04-26 12:03:24 [main] INFO  com.ce.sr.controllers.AuthController - User test-169119052 was created
2022-04-26 12:03:24 [main] DEBUG com.ce.sr.controllers.AuthController - Successfully logged in test-169119052
2022-04-26 12:03:25 [main] INFO  com.ce.sr.controllers.AuthController - User test-169119052 logout
2022-04-26 12:04:31 [main] INFO  com.ce.sr.controllers.AuthController - User test-1405757396 was created
2022-04-26 12:04:31 [main] INFO  com.ce.sr.controllers.AuthController - User test1062313252 was created
2022-04-26 12:04:32 [main] DEBUG com.ce.sr.controllers.AuthController - Successfully logged in test1062313252
2022-04-26 12:04:32 [main] INFO  com.ce.sr.controllers.AuthController - User test1062313252 logout
2022-04-26 12:07:17 [main] INFO  com.ce.sr.controllers.AuthController - User test1635022903 was created
2022-04-26 12:07:18 [main] DEBUG com.ce.sr.controllers.AuthController - Successfully logged in test1635022903
2022-04-26 12:07:19 [main] INFO  com.ce.sr.controllers.AuthController - User test1635022903 logout
2022-04-26 12:11:20 [main] INFO  com.ce.sr.controllers.AuthController - User test1745493111 was created
2022-04-26 12:11:21 [main] DEBUG com.ce.sr.controllers.AuthController - Successfully logged in test1745493111
2022-04-26 12:11:22 [main] INFO  com.ce.sr.controllers.AuthController - User test1745493111 logout
2022-04-26 12:12:43 [main] INFO  com.ce.sr.controllers.AuthController - User test678677051 was created
2022-04-26 12:12:44 [main] DEBUG com.ce.sr.controllers.AuthController - Successfully logged in test678677051
2022-04-26 12:12:45 [main] INFO  com.ce.sr.controllers.AuthController - User test-931339657 was created
2022-04-26 12:12:45 [main] DEBUG com.ce.sr.controllers.AuthController - Successfully logged in test-931339657
2022-04-26 12:12:45 [main] INFO  com.ce.sr.controllers.AuthController - User test-931339657 logout
2022-04-26 12:12:46 [main] INFO  com.ce.sr.controllers.AuthController - User test678677051 logout
2022-04-26 12:14:15 [main] INFO  com.ce.sr.controllers.AuthController - User test623112487 was created
2022-04-26 12:14:16 [main] DEBUG com.ce.sr.controllers.AuthController - Successfully logged in test623112487
2022-04-26 12:14:17 [main] INFO  com.ce.sr.controllers.AuthController - User test623112487 logout
2022-04-26 12:14:17 [main] INFO  com.ce.sr.controllers.AuthController - User test-2118897648 was created
2022-04-26 12:14:18 [main] DEBUG com.ce.sr.controllers.AuthController - Successfully logged in test-2118897648
2022-04-26 12:14:18 [main] INFO  com.ce.sr.controllers.AuthController - User test-2118897648 logout
2022-04-26 12:14:18 [main] INFO  com.ce.sr.controllers.AuthController - User test-605227433 was created
2022-04-26 12:14:18 [main] DEBUG com.ce.sr.controllers.AuthController - Successfully logged in test-605227433
2022-04-26 12:14:18 [main] INFO  com.ce.sr.controllers.AuthController - User test215662962 was created
2022-04-26 12:14:18 [main] DEBUG com.ce.sr.controllers.AuthController - Successfully logged in test215662962
2022-04-26 12:14:18 [main] INFO  com.ce.sr.controllers.AuthController - User test215662962 logout
2022-04-26 12:14:18 [main] INFO  com.ce.sr.controllers.AuthController - User test-605227433 logout
2022-04-26 12:14:18 [main] INFO  com.ce.sr.controllers.AuthController - User test1353012112 was created
2022-04-26 12:14:18 [main] DEBUG com.ce.sr.controllers.AuthController - Successfully logged in test1353012112
2022-04-26 12:14:18 [main] INFO  com.ce.sr.controllers.AuthController - User test1353012112 logout
2022-04-26 12:14:19 [main] INFO  com.ce.sr.controllers.AuthController - User test-1924082973 was created
2022-04-26 12:14:19 [main] DEBUG com.ce.sr.controllers.AuthController - Successfully logged in test-1924082973
2022-04-26 12:14:19 [main] INFO  com.ce.sr.controllers.AuthController - Bad credentials badcredentials
2022-04-26 12:14:19 [main] INFO  com.ce.sr.controllers.AuthController - User test-1924082973 logout
2022-04-26 12:14:19 [main] INFO  com.ce.sr.controllers.AuthController - User test-1096173944 was created
2022-04-26 12:14:19 [main] DEBUG com.ce.sr.controllers.AuthController - Successfully logged in test-1096173944
2022-04-26 12:14:19 [main] INFO  com.ce.sr.controllers.AuthController - User test-204579824 was created
2022-04-26 12:14:20 [main] DEBUG com.ce.sr.controllers.AuthController - Successfully logged in test-204579824
2022-04-26 12:14:20 [main] INFO  com.ce.sr.controllers.AuthController - User test-204579824 logout
2022-04-26 12:14:20 [main] INFO  com.ce.sr.controllers.AuthController - User test-1582403290 was created
2022-04-26 12:14:20 [main] DEBUG com.ce.sr.controllers.AuthController - Successfully logged in test-1582403290
2022-04-26 12:14:20 [main] DEBUG com.ce.sr.controllers.AuthController - Successfully logged in test-1582403290
2022-04-26 12:14:20 [main] INFO  com.ce.sr.controllers.AuthController - User test-1582403290 logout
2022-04-26 12:16:20 [http-nio-80-exec-2] INFO  com.ce.sr.controllers.AuthController - User user was created
2022-04-26 12:17:47 [main] INFO  com.ce.sr.controllers.AuthController - User test-30538386 was created
2022-04-26 12:17:48 [main] DEBUG com.ce.sr.controllers.AuthController - Successfully logged in test-30538386
2022-04-26 12:17:50 [main] INFO  com.ce.sr.controllers.AuthController - User test-30538386 logout
2022-04-26 12:17:50 [main] INFO  com.ce.sr.controllers.AuthController - User test-1805725769 was created
2022-04-26 12:17:50 [main] DEBUG com.ce.sr.controllers.AuthController - Successfully logged in test-1805725769
2022-04-26 12:17:50 [main] INFO  com.ce.sr.controllers.AuthController - User test-1805725769 logout
2022-04-26 12:17:51 [main] INFO  com.ce.sr.controllers.AuthController - User test-360601673 was created
2022-04-26 12:17:51 [main] DEBUG com.ce.sr.controllers.AuthController - Successfully logged in test-360601673
2022-04-26 12:17:51 [main] INFO  com.ce.sr.controllers.AuthController - User test-360601673 logout
2022-04-26 12:17:51 [main] INFO  com.ce.sr.controllers.AuthController - User test-1303022433 was created
2022-04-26 12:17:51 [main] DEBUG com.ce.sr.controllers.AuthController - Successfully logged in test-1303022433
2022-04-26 12:17:51 [main] INFO  com.ce.sr.controllers.AuthController - User test-1303022433 logout
2022-04-26 12:17:51 [main] INFO  com.ce.sr.controllers.AuthController - User test1651521673 was created
2022-04-26 12:17:52 [main] DEBUG com.ce.sr.controllers.AuthController - Successfully logged in test1651521673
2022-04-26 12:17:52 [main] INFO  com.ce.sr.controllers.AuthController - User test1651521673 logout
2022-04-26 12:17:52 [main] INFO  com.ce.sr.controllers.AuthController - User test1430676255 was created
2022-04-26 12:17:52 [main] DEBUG com.ce.sr.controllers.AuthController - Successfully logged in test1430676255
2022-04-26 12:17:52 [main] INFO  com.ce.sr.controllers.AuthController - User test1430676255 logout
2022-04-26 12:17:52 [main] INFO  com.ce.sr.controllers.AuthController - User test-1424114265 was created
2022-04-26 12:17:52 [main] DEBUG com.ce.sr.controllers.AuthController - Successfully logged in test-1424114265
2022-04-26 12:17:52 [main] INFO  com.ce.sr.controllers.AuthController - User test-1424114265 logout
2022-04-26 12:20:18 [main] INFO  com.ce.sr.controllers.AuthController - User test551561735 was created
2022-04-26 12:20:19 [main] DEBUG com.ce.sr.controllers.AuthController - Successfully logged in test551561735
2022-04-26 12:20:21 [main] INFO  com.ce.sr.controllers.AuthController - User test551561735 logout
2022-04-26 12:20:21 [main] INFO  com.ce.sr.controllers.AuthController - User test-555130034 was created
2022-04-26 12:20:21 [main] DEBUG com.ce.sr.controllers.AuthController - Successfully logged in test-555130034
2022-04-26 12:20:21 [main] INFO  com.ce.sr.controllers.AuthController - User test-555130034 logout
2022-04-26 12:20:21 [main] INFO  com.ce.sr.controllers.AuthController - User test1719327318 was created
2022-04-26 12:20:21 [main] DEBUG com.ce.sr.controllers.AuthController - Successfully logged in test1719327318
2022-04-26 12:20:22 [main] INFO  com.ce.sr.controllers.AuthController - User test1719327318 logout
2022-04-26 12:20:22 [main] INFO  com.ce.sr.controllers.AuthController - User test-1248702207 was created
2022-04-26 12:20:22 [main] DEBUG com.ce.sr.controllers.AuthController - Successfully logged in test-1248702207
2022-04-26 12:20:22 [main] INFO  com.ce.sr.controllers.AuthController - User test-1248702207 logout
2022-04-26 12:20:22 [main] INFO  com.ce.sr.controllers.AuthController - User test-242779981 was created
2022-04-26 12:20:22 [main] DEBUG com.ce.sr.controllers.AuthController - Successfully logged in test-242779981
2022-04-26 12:20:22 [main] INFO  com.ce.sr.controllers.AuthController - User test-242779981 logout
2022-04-26 12:20:23 [main] INFO  com.ce.sr.controllers.AuthController - User test-1233723654 was created
2022-04-26 12:20:23 [main] DEBUG com.ce.sr.controllers.AuthController - Successfully logged in test-1233723654
2022-04-26 12:20:23 [main] INFO  com.ce.sr.controllers.AuthController - User test-1233723654 logout
2022-04-26 12:20:23 [main] INFO  com.ce.sr.controllers.AuthController - User test1906593019 was created
2022-04-26 12:20:23 [main] DEBUG com.ce.sr.controllers.AuthController - Successfully logged in test1906593019
2022-04-26 12:20:23 [main] INFO  com.ce.sr.controllers.AuthController - User test1906593019 logout
2022-04-26 12:23:03 [main] INFO  com.ce.sr.controllers.AuthController - User test-1146282067 was created
2022-04-26 12:23:05 [main] DEBUG com.ce.sr.controllers.AuthController - Successfully logged in test-1146282067
2022-04-26 12:23:07 [main] INFO  com.ce.sr.controllers.AuthController - User test-1146282067 logout
2022-04-26 12:23:07 [main] INFO  com.ce.sr.controllers.AuthController - User test2112176480 was created
2022-04-26 12:23:07 [main] DEBUG com.ce.sr.controllers.AuthController - Successfully logged in test2112176480
2022-04-26 12:23:08 [main] INFO  com.ce.sr.controllers.AuthController - User test2112176480 logout
2022-04-26 12:23:08 [main] INFO  com.ce.sr.controllers.AuthController - User test-528189222 was created
2022-04-26 12:23:08 [main] DEBUG com.ce.sr.controllers.AuthController - Successfully logged in test-528189222
2022-04-26 12:23:08 [main] INFO  com.ce.sr.controllers.AuthController - User test-580807407 was created
2022-04-26 12:23:08 [main] DEBUG com.ce.sr.controllers.AuthController - Successfully logged in test-580807407
2022-04-26 12:23:08 [main] INFO  com.ce.sr.controllers.AuthController - User test-580807407 logout
2022-04-26 12:23:08 [main] INFO  com.ce.sr.controllers.AuthController - User test-528189222 logout
2022-04-26 12:23:08 [main] INFO  com.ce.sr.controllers.AuthController - User test128011702 was created
2022-04-26 12:23:09 [main] DEBUG com.ce.sr.controllers.AuthController - Successfully logged in test128011702
2022-04-26 12:23:09 [main] INFO  com.ce.sr.controllers.AuthController - User test128011702 logout
2022-04-26 12:23:09 [main] INFO  com.ce.sr.controllers.AuthController - User test2084143364 was created
2022-04-26 12:23:09 [main] DEBUG com.ce.sr.controllers.AuthController - Successfully logged in test2084143364
2022-04-26 12:23:09 [main] INFO  com.ce.sr.controllers.AuthController - Bad credentials badcredentials
2022-04-26 12:23:09 [main] INFO  com.ce.sr.controllers.AuthController - User test2084143364 logout
2022-04-26 12:23:09 [main] INFO  com.ce.sr.controllers.AuthController - User test281615004 was created
2022-04-26 12:23:09 [main] DEBUG com.ce.sr.controllers.AuthController - Successfully logged in test281615004
2022-04-26 12:23:10 [main] INFO  com.ce.sr.controllers.AuthController - User test-2115669273 was created
2022-04-26 12:23:10 [main] DEBUG com.ce.sr.controllers.AuthController - Successfully logged in test-2115669273
2022-04-26 12:23:10 [main] INFO  com.ce.sr.controllers.AuthController - User test-2115669273 logout
2022-04-26 12:23:10 [main] INFO  com.ce.sr.controllers.AuthController - User test-1629639381 was created
2022-04-26 12:23:10 [main] DEBUG com.ce.sr.controllers.AuthController - Successfully logged in test-1629639381
2022-04-26 12:23:11 [main] DEBUG com.ce.sr.controllers.AuthController - Successfully logged in test-1629639381
2022-04-26 12:23:11 [main] INFO  com.ce.sr.controllers.AuthController - User test-1629639381 logout
2022-04-26 12:23:11 [main] INFO  com.ce.sr.controllers.AuthController - User test-2034495894 was created
2022-04-26 12:23:11 [main] DEBUG com.ce.sr.controllers.AuthController - Successfully logged in test-2034495894
2022-04-26 12:23:11 [main] INFO  com.ce.sr.controllers.AuthController - User test-2034495894 logout
2022-04-26 12:23:12 [main] INFO  com.ce.sr.controllers.AuthController - User test1845250601 was created
2022-04-26 12:23:12 [main] DEBUG com.ce.sr.controllers.AuthController - Successfully logged in test1845250601
2022-04-26 12:23:12 [main] INFO  com.ce.sr.controllers.AuthController - User test1845250601 logout
2022-04-26 12:23:12 [main] INFO  com.ce.sr.controllers.AuthController - User test1413600643 was created
2022-04-26 12:23:12 [main] DEBUG com.ce.sr.controllers.AuthController - Successfully logged in test1413600643
2022-04-26 12:23:12 [main] INFO  com.ce.sr.controllers.AuthController - User test1413600643 logout
2022-04-26 12:23:12 [main] INFO  com.ce.sr.controllers.AuthController - User test-2053167678 was created
2022-04-26 12:23:13 [main] DEBUG com.ce.sr.controllers.AuthController - Successfully logged in test-2053167678
2022-04-26 12:23:13 [main] INFO  com.ce.sr.controllers.AuthController - User test-2053167678 logout
2022-04-26 12:23:13 [main] INFO  com.ce.sr.controllers.AuthController - User test647736028 was created
2022-04-26 12:23:13 [main] DEBUG com.ce.sr.controllers.AuthController - Successfully logged in test647736028
2022-04-26 12:23:13 [main] INFO  com.ce.sr.controllers.AuthController - User test647736028 logout
2022-04-26 12:23:13 [main] INFO  com.ce.sr.controllers.AuthController - User test763898627 was created
2022-04-26 12:23:13 [main] DEBUG com.ce.sr.controllers.AuthController - Successfully logged in test763898627
2022-04-26 12:23:14 [main] INFO  com.ce.sr.controllers.AuthController - User test763898627 logout
2022-04-26 12:23:14 [main] INFO  com.ce.sr.controllers.AuthController - User test-253093419 was created
2022-04-26 12:23:14 [main] DEBUG com.ce.sr.controllers.AuthController - Successfully logged in test-253093419
2022-04-26 12:23:14 [main] INFO  com.ce.sr.controllers.AuthController - User test-253093419 logout
2022-04-26 12:31:25 [main] INFO  com.ce.sr.controllers.AuthController - User test-564551808 was created
2022-04-26 12:31:28 [main] DEBUG com.ce.sr.controllers.AuthController - Successfully logged in test-564551808
2022-04-26 12:31:32 [main] INFO  com.ce.sr.controllers.AuthController - User test-564551808 logout
2022-04-26 12:31:32 [main] INFO  com.ce.sr.controllers.AuthController - User test573787517 was created
2022-04-26 12:31:33 [main] DEBUG com.ce.sr.controllers.AuthController - Successfully logged in test573787517
2022-04-26 12:31:33 [main] INFO  com.ce.sr.controllers.AuthController - User test573787517 logout
2022-04-26 12:31:34 [main] INFO  com.ce.sr.controllers.AuthController - User test1813565115 was created
2022-04-26 12:31:34 [main] DEBUG com.ce.sr.controllers.AuthController - Successfully logged in test1813565115
2022-04-26 12:31:34 [main] INFO  com.ce.sr.controllers.AuthController - User test579771409 was created
2022-04-26 12:31:35 [main] DEBUG com.ce.sr.controllers.AuthController - Successfully logged in test579771409
2022-04-26 12:31:35 [main] INFO  com.ce.sr.controllers.AuthController - User test579771409 logout
2022-04-26 12:31:35 [main] INFO  com.ce.sr.controllers.AuthController - User test1813565115 logout
2022-04-26 12:31:35 [main] INFO  com.ce.sr.controllers.AuthController - User test-527902189 was created
2022-04-26 12:31:35 [main] DEBUG com.ce.sr.controllers.AuthController - Successfully logged in test-527902189
2022-04-26 12:31:35 [main] INFO  com.ce.sr.controllers.AuthController - User test-527902189 logout
2022-04-26 12:31:35 [main] INFO  com.ce.sr.controllers.AuthController - User test-1581093702 was created
2022-04-26 12:31:36 [main] DEBUG com.ce.sr.controllers.AuthController - Successfully logged in test-1581093702
2022-04-26 12:31:36 [main] INFO  com.ce.sr.controllers.AuthController - Bad credentials badcredentials
2022-04-26 12:31:36 [main] INFO  com.ce.sr.controllers.AuthController - User test-1581093702 logout
2022-04-26 12:31:36 [main] INFO  com.ce.sr.controllers.AuthController - User test-1392354958 was created
2022-04-26 12:31:36 [main] DEBUG com.ce.sr.controllers.AuthController - Successfully logged in test-1392354958
2022-04-26 12:31:36 [main] INFO  com.ce.sr.controllers.AuthController - User test-1372851752 was created
2022-04-26 12:31:36 [main] DEBUG com.ce.sr.controllers.AuthController - Successfully logged in test-1372851752
2022-04-26 12:31:36 [main] INFO  com.ce.sr.controllers.AuthController - User test-1372851752 logout
2022-04-26 12:31:37 [main] INFO  com.ce.sr.controllers.AuthController - User test844458439 was created
2022-04-26 12:31:37 [main] DEBUG com.ce.sr.controllers.AuthController - Successfully logged in test844458439
2022-04-26 12:31:37 [main] DEBUG com.ce.sr.controllers.AuthController - Successfully logged in test844458439
2022-04-26 12:31:37 [main] INFO  com.ce.sr.controllers.AuthController - User test844458439 logout
2022-04-26 12:31:37 [main] INFO  com.ce.sr.controllers.AuthController - User test-1852810939 was created
2022-04-26 12:31:37 [main] DEBUG com.ce.sr.controllers.AuthController - Successfully logged in test-1852810939
2022-04-26 12:31:38 [main] INFO  com.ce.sr.controllers.AuthController - User test-1852810939 logout
2022-04-26 12:31:38 [main] INFO  com.ce.sr.controllers.AuthController - User test316650717 was created
2022-04-26 12:31:38 [main] DEBUG com.ce.sr.controllers.AuthController - Successfully logged in test316650717
2022-04-26 12:31:38 [main] INFO  com.ce.sr.controllers.AuthController - User test316650717 logout
2022-04-26 12:31:38 [main] INFO  com.ce.sr.controllers.AuthController - User test882430615 was created
2022-04-26 12:31:39 [main] DEBUG com.ce.sr.controllers.AuthController - Successfully logged in test882430615
2022-04-26 12:31:39 [main] INFO  com.ce.sr.controllers.AuthController - User test882430615 logout
2022-04-26 12:31:39 [main] INFO  com.ce.sr.controllers.AuthController - User test-645815360 was created
2022-04-26 12:31:39 [main] DEBUG com.ce.sr.controllers.AuthController - Successfully logged in test-645815360
2022-04-26 12:31:39 [main] INFO  com.ce.sr.controllers.AuthController - User test-645815360 logout
2022-04-26 12:31:39 [main] INFO  com.ce.sr.controllers.AuthController - User test1578502450 was created
2022-04-26 12:31:40 [main] DEBUG com.ce.sr.controllers.AuthController - Successfully logged in test1578502450
2022-04-26 12:31:40 [main] INFO  com.ce.sr.controllers.AuthController - User test1578502450 logout
2022-04-26 12:31:40 [main] INFO  com.ce.sr.controllers.AuthController - User test-1337963446 was created
2022-04-26 12:31:40 [main] DEBUG com.ce.sr.controllers.AuthController - Successfully logged in test-1337963446
2022-04-26 12:31:40 [main] INFO  com.ce.sr.controllers.AuthController - User test-1337963446 logout
2022-04-26 12:31:40 [main] INFO  com.ce.sr.controllers.AuthController - User test169834632 was created
2022-04-26 12:31:40 [main] DEBUG com.ce.sr.controllers.AuthController - Successfully logged in test169834632
2022-04-26 12:31:40 [main] INFO  com.ce.sr.controllers.AuthController - User test169834632 logout
